Arguments: 
  /home/aleksander/.nvm/versions/node/v18.15.0/bin/node /home/aleksander/.yarn/bin/yarn.js add -D git-commit-message-linter

PATH: 
  /home/aleksander/.rbenv/shims:/home/aleksander/.rbenv/bin:/home/aleksander/.yarn/bin:/home/aleksander/.config/yarn/global/node_modules/.bin:/home/aleksander/.vscode-server/bin/704ed70d4fd1c6bd6342c436f1ede30d1cff4710/bin/remote-cli:/home/aleksander/.rbenv/shims:/home/aleksander/.rbenv/bin:/home/aleksander/.yarn/bin:/home/aleksander/.config/yarn/global/node_modules/.bin:/home/aleksander/.nvm/versions/node/v18.15.0/bin:/usr/local/sbin:/usr/local/bin:/usr/sbin:/usr/bin:/sbin:/bin:/usr/games:/usr/local/games:/usr/lib/wsl/lib:/mnt/c/WINDOWS/system32:/mnt/c/WINDOWS:/mnt/c/WINDOWS/System32/Wbem:/mnt/c/WINDOWS/System32/WindowsPowerShell/v1.0/:/mnt/c/WINDOWS/System32/OpenSSH/:/mnt/c/Program Files/Docker/Docker/resources/bin:/mnt/c/Program Files/Git/cmd:/mnt/c/ProgramData/chocolatey/bin:/mnt/c/Program Files/dotnet/:/mnt/c/Users/aleks/AppData/Local/Programs/Python/Python311/Scripts/:/mnt/c/Users/aleks/AppData/Local/Programs/Python/Python311/:/mnt/c/Users/aleks/AppData/Local/Programs/Python/Launcher/:/mnt/c/Users/aleks/AppData/Local/Microsoft/WindowsApps:/mnt/c/Users/aleks/AppData/Local/Programs/Microsoft VS Code/bin:/snap/bin

Yarn version: 
  1.22.19

Node version: 
  18.15.0

Platform: 
  linux x64

Trace: 
  Error: https://registry.yarnpkg.com/git-commit-message-linter: Not found
      at params.callback [as _callback] (/home/aleksander/.yarn/lib/cli.js:66145:18)
      at self.callback (/home/aleksander/.yarn/lib/cli.js:140890:22)
      at Request.emit (node:events:513:28)
      at Request.<anonymous> (/home/aleksander/.yarn/lib/cli.js:141862:10)
      at Request.emit (node:events:513:28)
      at IncomingMessage.<anonymous> (/home/aleksander/.yarn/lib/cli.js:141784:12)
      at Object.onceWrapper (node:events:627:28)
      at IncomingMessage.emit (node:events:525:35)
      at endReadableNT (node:internal/streams/readable:1359:12)
      at process.processTicksAndRejections (node:internal/process/task_queues:82:21)

npm manifest: 
  {
    "name": "clean-react",
    "version": "1.0.0",
    "main": "index.js",
    "author": "aleksandersousa <aleksander-ssousa@outlook.com>",
    "license": "MIT"
  }

yarn manifest: 
  No manifest

Lockfile: 
  No lockfile
